<?xml version="1.0" encoding="UTF-8"?><testrun name="testRun" project="Cucumber001_Framework" tests="8" started="8" failures="0" errors="2" ignored="2">
  <testsuite name="TestRunner.testRun" time="14.532">
    <testsuite name="Feature: Login" time="14.532">
      <testsuite name="Scenario: Successful login with valide credentials" time="14.475" incomplete="true">
        <error>org.openqa.selenium.ElementClickInterceptedException: element click intercepted: Element &lt;a href="/logout"&gt;...&lt;/a&gt; is not clickable at point (1433, 25). Other element would receive the click: &lt;div id="ajaxBusy" style="display: block;"&gt;...&lt;/div&gt;
  (Session info: chrome=80.0.3987.163)
Build info: version: '3.141.59', revision: 'e82be7d358', time: '2018-11-14T08:17:03'
System info: host: 'DESKTOP-MIVJIU5', ip: '192.168.1.131', os.name: 'Windows 10', os.arch: 'amd64', os.version: '10.0', java.version: '13.0.1'
Driver info: org.openqa.selenium.chrome.ChromeDriver
Capabilities {acceptInsecureCerts: false, browserName: chrome, browserVersion: 80.0.3987.163, chrome: {chromedriverVersion: 79.0.3945.36 (3582db32b3389..., userDataDir: C:\Users\NISHANT\AppData\Lo...}, goog:chromeOptions: {debuggerAddress: localhost:60795}, javascriptEnabled: true, networkConnectionEnabled: false, pageLoadStrategy: normal, platform: WINDOWS, platformName: WINDOWS, proxy: Proxy(), setWindowRect: true, strictFileInteractability: false, timeouts: {implicit: 0, pageLoad: 300000, script: 30000}, unhandledPromptBehavior: dismiss and notify}
Session ID: ace9423f6607863f3682ef628a6c5a01&#13;
	at java.base/jdk.internal.reflect.NativeConstructorAccessorImpl.newInstance0(Native Method)&#13;
	at java.base/jdk.internal.reflect.NativeConstructorAccessorImpl.newInstance(NativeConstructorAccessorImpl.java:62)&#13;
	at java.base/jdk.internal.reflect.DelegatingConstructorAccessorImpl.newInstance(DelegatingConstructorAccessorImpl.java:45)&#13;
	at java.base/java.lang.reflect.Constructor.newInstanceWithCaller(Constructor.java:500)&#13;
	at java.base/java.lang.reflect.Constructor.newInstance(Constructor.java:481)&#13;
	at org.openqa.selenium.remote.http.W3CHttpResponseCodec.createException(W3CHttpResponseCodec.java:187)&#13;
	at org.openqa.selenium.remote.http.W3CHttpResponseCodec.decode(W3CHttpResponseCodec.java:122)&#13;
	at org.openqa.selenium.remote.http.W3CHttpResponseCodec.decode(W3CHttpResponseCodec.java:49)&#13;
	at org.openqa.selenium.remote.HttpCommandExecutor.execute(HttpCommandExecutor.java:158)&#13;
	at org.openqa.selenium.remote.service.DriverCommandExecutor.execute(DriverCommandExecutor.java:83)&#13;
	at org.openqa.selenium.remote.RemoteWebDriver.execute(RemoteWebDriver.java:552)&#13;
	at org.openqa.selenium.remote.RemoteWebElement.execute(RemoteWebElement.java:285)&#13;
	at org.openqa.selenium.remote.RemoteWebElement.click(RemoteWebElement.java:84)&#13;
	at java.base/jdk.internal.reflect.NativeMethodAccessorImpl.invoke0(Native Method)&#13;
	at java.base/jdk.internal.reflect.NativeMethodAccessorImpl.invoke(NativeMethodAccessorImpl.java:62)&#13;
	at java.base/jdk.internal.reflect.DelegatingMethodAccessorImpl.invoke(DelegatingMethodAccessorImpl.java:43)&#13;
	at java.base/java.lang.reflect.Method.invoke(Method.java:567)&#13;
	at org.openqa.selenium.support.pagefactory.internal.LocatingElementHandler.invoke(LocatingElementHandler.java:51)&#13;
	at com.sun.proxy.$Proxy19.click(Unknown Source)&#13;
	at PageObject.LoginPage.clickLogout(LoginPage.java:54)&#13;
	at PageDefination.Steps.user_click_on_Logout(Steps.java:57)&#13;
	at ✽.When User click on Logout(src/test/resources/Feature/LoginFeaure.feature:10)&#13;
&#13;
</error>
        <testcase name="Given User launch browser" classname="Scenario: Successful login with valide credentials" time="6.406"/>
        <testcase name="When User opens URL &quot;https://admin-demo.nopcommerce.com/login&quot;" classname="Scenario: Successful login with valide credentials" time="0.308"/>
        <testcase name="And User Enter Email &quot;admin@yourstore.com&quot; and Password &quot;admin&quot;" classname="Scenario: Successful login with valide credentials" time="6.424"/>
        <testcase name="And User Click on Login" classname="Scenario: Successful login with valide credentials" time="0.075"/>
        <testcase name="Then Page title should be &quot;Dashboard / nopCommerce administration&quot;" classname="Scenario: Successful login with valide credentials" time="1.252"/>
        <testcase name="When User click on Logout" classname="Scenario: Successful login with valide credentials" time="0.008">
          <error>org.openqa.selenium.ElementClickInterceptedException: element click intercepted: Element &lt;a href="/logout"&gt;...&lt;/a&gt; is not clickable at point (1433, 25). Other element would receive the click: &lt;div id="ajaxBusy" style="display: block;"&gt;...&lt;/div&gt;
  (Session info: chrome=80.0.3987.163)
Build info: version: '3.141.59', revision: 'e82be7d358', time: '2018-11-14T08:17:03'
System info: host: 'DESKTOP-MIVJIU5', ip: '192.168.1.131', os.name: 'Windows 10', os.arch: 'amd64', os.version: '10.0', java.version: '13.0.1'
Driver info: org.openqa.selenium.chrome.ChromeDriver
Capabilities {acceptInsecureCerts: false, browserName: chrome, browserVersion: 80.0.3987.163, chrome: {chromedriverVersion: 79.0.3945.36 (3582db32b3389..., userDataDir: C:\Users\NISHANT\AppData\Lo...}, goog:chromeOptions: {debuggerAddress: localhost:60795}, javascriptEnabled: true, networkConnectionEnabled: false, pageLoadStrategy: normal, platform: WINDOWS, platformName: WINDOWS, proxy: Proxy(), setWindowRect: true, strictFileInteractability: false, timeouts: {implicit: 0, pageLoad: 300000, script: 30000}, unhandledPromptBehavior: dismiss and notify}
Session ID: ace9423f6607863f3682ef628a6c5a01&#13;
	at java.base/jdk.internal.reflect.NativeConstructorAccessorImpl.newInstance0(Native Method)&#13;
	at java.base/jdk.internal.reflect.NativeConstructorAccessorImpl.newInstance(NativeConstructorAccessorImpl.java:62)&#13;
	at java.base/jdk.internal.reflect.DelegatingConstructorAccessorImpl.newInstance(DelegatingConstructorAccessorImpl.java:45)&#13;
	at java.base/java.lang.reflect.Constructor.newInstanceWithCaller(Constructor.java:500)&#13;
	at java.base/java.lang.reflect.Constructor.newInstance(Constructor.java:481)&#13;
	at org.openqa.selenium.remote.http.W3CHttpResponseCodec.createException(W3CHttpResponseCodec.java:187)&#13;
	at org.openqa.selenium.remote.http.W3CHttpResponseCodec.decode(W3CHttpResponseCodec.java:122)&#13;
	at org.openqa.selenium.remote.http.W3CHttpResponseCodec.decode(W3CHttpResponseCodec.java:49)&#13;
	at org.openqa.selenium.remote.HttpCommandExecutor.execute(HttpCommandExecutor.java:158)&#13;
	at org.openqa.selenium.remote.service.DriverCommandExecutor.execute(DriverCommandExecutor.java:83)&#13;
	at org.openqa.selenium.remote.RemoteWebDriver.execute(RemoteWebDriver.java:552)&#13;
	at org.openqa.selenium.remote.RemoteWebElement.execute(RemoteWebElement.java:285)&#13;
	at org.openqa.selenium.remote.RemoteWebElement.click(RemoteWebElement.java:84)&#13;
	at java.base/jdk.internal.reflect.NativeMethodAccessorImpl.invoke0(Native Method)&#13;
	at java.base/jdk.internal.reflect.NativeMethodAccessorImpl.invoke(NativeMethodAccessorImpl.java:62)&#13;
	at java.base/jdk.internal.reflect.DelegatingMethodAccessorImpl.invoke(DelegatingMethodAccessorImpl.java:43)&#13;
	at java.base/java.lang.reflect.Method.invoke(Method.java:567)&#13;
	at org.openqa.selenium.support.pagefactory.internal.LocatingElementHandler.invoke(LocatingElementHandler.java:51)&#13;
	at com.sun.proxy.$Proxy19.click(Unknown Source)&#13;
	at PageObject.LoginPage.clickLogout(LoginPage.java:54)&#13;
	at PageDefination.Steps.user_click_on_Logout(Steps.java:57)&#13;
	at ✽.When User click on Logout(src/test/resources/Feature/LoginFeaure.feature:10)&#13;
&#13;
</error>
        </testcase>
        <testcase name="Then Page title should be &quot;Your store. Login&quot;" classname="Scenario: Successful login with valide credentials" time="0.005" ignored="true"/>
        <testcase name="And Close browser" classname="Scenario: Successful login with valide credentials" time="0.041" ignored="true"/>
      </testsuite>
    </testsuite>
  </testsuite>
</testrun>
