<?xml version="1.0" encoding="UTF-8"?><testrun name="testRun" project="Cucumber001_Framework" tests="13" started="13" failures="0" errors="2" ignored="3">
  <testsuite name="TestRunner.testRun" time="31.776">
    <testsuite name="Feature: Create new customer" time="31.776">
      <testsuite name="Scenario: Successful login with valide credentials" time="31.748" incomplete="true">
        <error>org.openqa.selenium.InvalidElementStateException: invalid element state
  (Session info: chrome=80.0.3987.163)
Build info: version: '3.141.59', revision: 'e82be7d358', time: '2018-11-14T08:17:03'
System info: host: 'DESKTOP-MIVJIU5', ip: '192.168.1.131', os.name: 'Windows 10', os.arch: 'amd64', os.version: '10.0', java.version: '13.0.1'
Driver info: org.openqa.selenium.chrome.ChromeDriver
Capabilities {acceptInsecureCerts: false, browserName: chrome, browserVersion: 80.0.3987.163, chrome: {chromedriverVersion: 79.0.3945.36 (3582db32b3389..., userDataDir: C:\Users\NISHANT\AppData\Lo...}, goog:chromeOptions: {debuggerAddress: localhost:55810}, javascriptEnabled: true, networkConnectionEnabled: false, pageLoadStrategy: normal, platform: WINDOWS, platformName: WINDOWS, proxy: Proxy(), setWindowRect: true, strictFileInteractability: false, timeouts: {implicit: 0, pageLoad: 300000, script: 30000}, unhandledPromptBehavior: dismiss and notify}
Session ID: 3e207763b21287585b98195b8de5e6a7&#13;
	at java.base/jdk.internal.reflect.NativeConstructorAccessorImpl.newInstance0(Native Method)&#13;
	at java.base/jdk.internal.reflect.NativeConstructorAccessorImpl.newInstance(NativeConstructorAccessorImpl.java:62)&#13;
	at java.base/jdk.internal.reflect.DelegatingConstructorAccessorImpl.newInstance(DelegatingConstructorAccessorImpl.java:45)&#13;
	at java.base/java.lang.reflect.Constructor.newInstanceWithCaller(Constructor.java:500)&#13;
	at java.base/java.lang.reflect.Constructor.newInstance(Constructor.java:481)&#13;
	at org.openqa.selenium.remote.http.W3CHttpResponseCodec.createException(W3CHttpResponseCodec.java:187)&#13;
	at org.openqa.selenium.remote.http.W3CHttpResponseCodec.decode(W3CHttpResponseCodec.java:122)&#13;
	at org.openqa.selenium.remote.http.W3CHttpResponseCodec.decode(W3CHttpResponseCodec.java:49)&#13;
	at org.openqa.selenium.remote.HttpCommandExecutor.execute(HttpCommandExecutor.java:158)&#13;
	at org.openqa.selenium.remote.service.DriverCommandExecutor.execute(DriverCommandExecutor.java:83)&#13;
	at org.openqa.selenium.remote.RemoteWebDriver.execute(RemoteWebDriver.java:552)&#13;
	at org.openqa.selenium.remote.RemoteWebElement.execute(RemoteWebElement.java:285)&#13;
	at org.openqa.selenium.remote.RemoteWebElement.clear(RemoteWebElement.java:124)&#13;
	at java.base/jdk.internal.reflect.NativeMethodAccessorImpl.invoke0(Native Method)&#13;
	at java.base/jdk.internal.reflect.NativeMethodAccessorImpl.invoke(NativeMethodAccessorImpl.java:62)&#13;
	at java.base/jdk.internal.reflect.DelegatingMethodAccessorImpl.invoke(DelegatingMethodAccessorImpl.java:43)&#13;
	at java.base/java.lang.reflect.Method.invoke(Method.java:567)&#13;
	at org.openqa.selenium.support.pagefactory.internal.LocatingElementHandler.invoke(LocatingElementHandler.java:51)&#13;
	at com.sun.proxy.$Proxy19.clear(Unknown Source)&#13;
	at PageMethod.CustomerPageMethod.setCustomerRole(CustomerPageMethod.java:90)&#13;
	at PageDefination.CustomerPageSteps.user_enter_customer_info(CustomerPageSteps.java:113)&#13;
	at ✽.When User enter customer info(src/test/resources/Feature/Customers.feature:13)&#13;
&#13;
</error>
        <testcase name="Given User launch browser" classname="Scenario: Successful login with valide credentials" time="8.673"/>
        <testcase name="When User opens URL &quot;https://admin-demo.nopcommerce.com/login&quot;" classname="Scenario: Successful login with valide credentials" time="0.302"/>
        <testcase name="And User Enter Email &quot;admin@yourstore.com&quot; and Password &quot;admin&quot;" classname="Scenario: Successful login with valide credentials" time="16.336"/>
        <testcase name="And User Click on Login" classname="Scenario: Successful login with valide credentials" time="0.081"/>
        <testcase name="Then User can view Dashbord" classname="Scenario: Successful login with valide credentials" time="0.081"/>
        <testcase name="When User click on customers menu" classname="Scenario: Successful login with valide credentials" time="3.189"/>
        <testcase name="And Click on customers menu item" classname="Scenario: Successful login with valide credentials" time="2.244"/>
        <testcase name="And Click on Add new button" classname="Scenario: Successful login with valide credentials" time="0.008"/>
        <testcase name="Then User can view add new customers page" classname="Scenario: Successful login with valide credentials" time="0.826"/>
        <testcase name="When User enter customer info" classname="Scenario: Successful login with valide credentials" time="0.003">
          <error>org.openqa.selenium.InvalidElementStateException: invalid element state
  (Session info: chrome=80.0.3987.163)
Build info: version: '3.141.59', revision: 'e82be7d358', time: '2018-11-14T08:17:03'
System info: host: 'DESKTOP-MIVJIU5', ip: '192.168.1.131', os.name: 'Windows 10', os.arch: 'amd64', os.version: '10.0', java.version: '13.0.1'
Driver info: org.openqa.selenium.chrome.ChromeDriver
Capabilities {acceptInsecureCerts: false, browserName: chrome, browserVersion: 80.0.3987.163, chrome: {chromedriverVersion: 79.0.3945.36 (3582db32b3389..., userDataDir: C:\Users\NISHANT\AppData\Lo...}, goog:chromeOptions: {debuggerAddress: localhost:55810}, javascriptEnabled: true, networkConnectionEnabled: false, pageLoadStrategy: normal, platform: WINDOWS, platformName: WINDOWS, proxy: Proxy(), setWindowRect: true, strictFileInteractability: false, timeouts: {implicit: 0, pageLoad: 300000, script: 30000}, unhandledPromptBehavior: dismiss and notify}
Session ID: 3e207763b21287585b98195b8de5e6a7&#13;
	at java.base/jdk.internal.reflect.NativeConstructorAccessorImpl.newInstance0(Native Method)&#13;
	at java.base/jdk.internal.reflect.NativeConstructorAccessorImpl.newInstance(NativeConstructorAccessorImpl.java:62)&#13;
	at java.base/jdk.internal.reflect.DelegatingConstructorAccessorImpl.newInstance(DelegatingConstructorAccessorImpl.java:45)&#13;
	at java.base/java.lang.reflect.Constructor.newInstanceWithCaller(Constructor.java:500)&#13;
	at java.base/java.lang.reflect.Constructor.newInstance(Constructor.java:481)&#13;
	at org.openqa.selenium.remote.http.W3CHttpResponseCodec.createException(W3CHttpResponseCodec.java:187)&#13;
	at org.openqa.selenium.remote.http.W3CHttpResponseCodec.decode(W3CHttpResponseCodec.java:122)&#13;
	at org.openqa.selenium.remote.http.W3CHttpResponseCodec.decode(W3CHttpResponseCodec.java:49)&#13;
	at org.openqa.selenium.remote.HttpCommandExecutor.execute(HttpCommandExecutor.java:158)&#13;
	at org.openqa.selenium.remote.service.DriverCommandExecutor.execute(DriverCommandExecutor.java:83)&#13;
	at org.openqa.selenium.remote.RemoteWebDriver.execute(RemoteWebDriver.java:552)&#13;
	at org.openqa.selenium.remote.RemoteWebElement.execute(RemoteWebElement.java:285)&#13;
	at org.openqa.selenium.remote.RemoteWebElement.clear(RemoteWebElement.java:124)&#13;
	at java.base/jdk.internal.reflect.NativeMethodAccessorImpl.invoke0(Native Method)&#13;
	at java.base/jdk.internal.reflect.NativeMethodAccessorImpl.invoke(NativeMethodAccessorImpl.java:62)&#13;
	at java.base/jdk.internal.reflect.DelegatingMethodAccessorImpl.invoke(DelegatingMethodAccessorImpl.java:43)&#13;
	at java.base/java.lang.reflect.Method.invoke(Method.java:567)&#13;
	at org.openqa.selenium.support.pagefactory.internal.LocatingElementHandler.invoke(LocatingElementHandler.java:51)&#13;
	at com.sun.proxy.$Proxy19.clear(Unknown Source)&#13;
	at PageMethod.CustomerPageMethod.setCustomerRole(CustomerPageMethod.java:90)&#13;
	at PageDefination.CustomerPageSteps.user_enter_customer_info(CustomerPageSteps.java:113)&#13;
	at ✽.When User enter customer info(src/test/resources/Feature/Customers.feature:13)&#13;
&#13;
</error>
        </testcase>
        <testcase name="And Click on Save button" classname="Scenario: Successful login with valide credentials" time="0.002" ignored="true"/>
        <testcase name="Then User can view conformation message &quot;The new customer has been added successfully&quot;" classname="Scenario: Successful login with valide credentials" time="0.001" ignored="true"/>
        <testcase name="And Close browser" classname="Scenario: Successful login with valide credentials" time="0.021" ignored="true"/>
      </testsuite>
    </testsuite>
  </testsuite>
</testrun>
