<?xml version="1.0" encoding="UTF-8"?><testrun name="testRun" project="Cucumber001_Framework" tests="8" started="8" failures="0" errors="2" ignored="7">
  <testsuite name="TestRunner.testRun" time="0.046">
    <testsuite name="Feature: Login" time="0.046">
      <testsuite name="Scenario: Successful login with valide credentials" time="0.007" incomplete="true">
        <error>java.lang.Error: Unresolved compilation problem: 
	The constructor LoginMethod(WebDriver) is undefined
&#13;
	at PageDefination.Steps.user_launch_browser(Steps.java:23)&#13;
	at ✽.Given User launch browser(src/test/resources/Feature/LoginFeaure.feature:5)&#13;
&#13;
</error>
        <testcase name="Given User launch browser" classname="Scenario: Successful login with valide credentials" time="0.006">
          <error>java.lang.Error: Unresolved compilation problem: 
	The constructor LoginMethod(WebDriver) is undefined
&#13;
	at PageDefination.Steps.user_launch_browser(Steps.java:23)&#13;
	at ✽.Given User launch browser(src/test/resources/Feature/LoginFeaure.feature:5)&#13;
&#13;
</error>
        </testcase>
        <testcase name="When User opens URL &quot;https://admin-demo.nopcommerce.com/login&quot;" classname="Scenario: Successful login with valide credentials" time="0.001" ignored="true"/>
        <testcase name="And User Enter Email &quot;admin@yourstore.com&quot; and Password &quot;admin&quot;" classname="Scenario: Successful login with valide credentials" time="0.001" ignored="true"/>
        <testcase name="And User Click on Login" classname="Scenario: Successful login with valide credentials" time="0.001" ignored="true"/>
        <testcase name="Then Page title should be &quot;Dashboard / nopCommerce administration&quot;" classname="Scenario: Successful login with valide credentials" time="0.001" ignored="true"/>
        <testcase name="When User click on Logout" classname="Scenario: Successful login with valide credentials" time="0.001" ignored="true"/>
        <testcase name="Then Page title should be &quot;Your store. Login&quot;" classname="Scenario: Successful login with valide credentials" time="0.003" ignored="true"/>
        <testcase name="And Close browser" classname="Scenario: Successful login with valide credentials" time="0.012" ignored="true"/>
      </testsuite>
    </testsuite>
  </testsuite>
</testrun>
