<?xml version="1.0" encoding="UTF-8"?><testrun name="testRun" project="Cucumber001_Framework" tests="6" started="6" failures="0" errors="2" ignored="5">
  <testsuite name="TestRunner.testRun" time="0.034">
    <testsuite name="Feature: Create new customer" time="0.034">
      <testsuite name="Scenario: Successful login with valide credentials" time="0.006" incomplete="true">
        <error>java.lang.Error: Unresolved compilation problem: 
	The constructor CustomerPageMethod(WebDriver) is undefined
&#13;
	at PageDefination.CustomerPageSteps.user_launch_browser(CustomerPageSteps.java:21)&#13;
	at ✽.Given User launch browser(src/test/resources/Feature/Customers.feature:4)&#13;
&#13;
</error>
        <testcase name="Given User launch browser" classname="Scenario: Successful login with valide credentials" time="0.005">
          <error>java.lang.Error: Unresolved compilation problem: 
	The constructor CustomerPageMethod(WebDriver) is undefined
&#13;
	at PageDefination.CustomerPageSteps.user_launch_browser(CustomerPageSteps.java:21)&#13;
	at ✽.Given User launch browser(src/test/resources/Feature/Customers.feature:4)&#13;
&#13;
</error>
        </testcase>
        <testcase name="When User opens URL &quot;https://admin-demo.nopcommerce.com/login&quot;" classname="Scenario: Successful login with valide credentials" time="0.002" ignored="true"/>
        <testcase name="And User Enter Email &quot;admin@yourstore.com&quot; and Password &quot;admin&quot;" classname="Scenario: Successful login with valide credentials" time="0.002" ignored="true"/>
        <testcase name="And User Click on Login" classname="Scenario: Successful login with valide credentials" time="0.002" ignored="true"/>
        <testcase name="Then User can view Dashbord" classname="Scenario: Successful login with valide credentials" time="0.001" ignored="true"/>
        <testcase name="When User click on customers menu" classname="Scenario: Successful login with valide credentials" time="0.013" ignored="true"/>
      </testsuite>
    </testsuite>
  </testsuite>
</testrun>
